<?xml version="1.0" encoding="UTF-8"?>
<!-- Generated by org.testng.reporters.JUnitXMLReporter -->
<testsuite ignored="0" hostname="Sudha" failures="0" tests="6" name="Test" time="43.334" errors="0" timestamp="2024-01-09T19:06:22 EST">
  <testcase classname="reader.ExternalDataReader" name="PDFFileReading" time="0.314"/>
  <testcase classname="reader.ExternalDataReader" name="loginToApplicationWithExcelData" time="10.227"/>
  <testcase classname="reader.ExternalDataReader" name="loginToApplicationWithJsonData" time="9.266"/>
  <testcase classname="reader.ExternalDataReader" name="loginToApplicationWithPropertyFileData" time="5.457"/>
  <testcase classname="reader.ExternalDataReader" name="loginToApplicationWithTxtData" time="9.202"/>
  <testcase classname="reader.ExternalDataReader" name="loginToApplicationWithXMLData" time="8.817"/>
</testsuite> <!-- Test -->
