<?xml version="1.0" encoding="UTF-8"?>
<testng-results ignored="0" total="6" passed="6" failed="0" skipped="0">
  <reporter-output>
  </reporter-output>
  <suite started-at="2024-01-09T19:05:39 EST" name="Suite" finished-at="2024-01-09T19:06:22 EST" duration-ms="43334">
    <groups>
    </groups>
    <test started-at="2024-01-09T19:05:39 EST" name="Test" finished-at="2024-01-09T19:06:22 EST" duration-ms="43334">
      <class name="reader.ExternalDataReader">
        <test-method signature="PDFFileReading()[pri:0, instance:reader.ExternalDataReader@38d8f54a]" started-at="2024-01-09T19:05:39 EST" name="PDFFileReading" finished-at="2024-01-09T19:05:39 EST" duration-ms="314" status="PASS">
          <reporter-output>
          </reporter-output>
        </test-method> <!-- PDFFileReading -->
        <test-method signature="loginToApplicationWithExcelData()[pri:0, instance:reader.ExternalDataReader@38d8f54a]" started-at="2024-01-09T19:05:39 EST" name="loginToApplicationWithExcelData" finished-at="2024-01-09T19:05:49 EST" duration-ms="10227" status="PASS">
          <reporter-output>
          </reporter-output>
        </test-method> <!-- loginToApplicationWithExcelData -->
        <test-method signature="loginToApplicationWithJsonData()[pri:0, instance:reader.ExternalDataReader@38d8f54a]" started-at="2024-01-09T19:05:49 EST" name="loginToApplicationWithJsonData" finished-at="2024-01-09T19:05:59 EST" duration-ms="9266" status="PASS">
          <reporter-output>
          </reporter-output>
        </test-method> <!-- loginToApplicationWithJsonData -->
        <test-method signature="loginToApplicationWithPropertyFileData()[pri:0, instance:reader.ExternalDataReader@38d8f54a]" started-at="2024-01-09T19:05:59 EST" name="loginToApplicationWithPropertyFileData" finished-at="2024-01-09T19:06:04 EST" duration-ms="5457" status="PASS">
          <reporter-output>
          </reporter-output>
        </test-method> <!-- loginToApplicationWithPropertyFileData -->
        <test-method signature="loginToApplicationWithTxtData()[pri:0, instance:reader.ExternalDataReader@38d8f54a]" started-at="2024-01-09T19:06:04 EST" name="loginToApplicationWithTxtData" finished-at="2024-01-09T19:06:13 EST" duration-ms="9202" status="PASS">
          <reporter-output>
          </reporter-output>
        </test-method> <!-- loginToApplicationWithTxtData -->
        <test-method signature="loginToApplicationWithXMLData()[pri:0, instance:reader.ExternalDataReader@38d8f54a]" started-at="2024-01-09T19:06:13 EST" name="loginToApplicationWithXMLData" finished-at="2024-01-09T19:06:22 EST" duration-ms="8817" status="PASS">
          <reporter-output>
          </reporter-output>
        </test-method> <!-- loginToApplicationWithXMLData -->
      </class> <!-- reader.ExternalDataReader -->
    </test> <!-- Test -->
  </suite> <!-- Suite -->
</testng-results>
